<?xml version="1.0" encoding="UTF-8"?>
<!-- Generated by org.testng.reporters.JUnitReportReporter -->
<testsuite hostname="EN911466" failures="0" tests="3" name="TMDB" time="4.051" errors="0" timestamp="2022-03-06T21:54:20 COT" skipped="0">
  <testcase classname="TMDB" name="postValidateToken" time="0.815"/>
  <system-out/>
  <testcase classname="TMDB" name="postCreateSession" time="1.185"/>
  <system-out/>
  <testcase classname="TMDB" name="getRequestToken" time="2.051"/>
  <system-out/>
</testsuite> <!-- TMDB -->
