<?xml version="1.0" encoding="UTF-8"?>
<!-- Generated by org.testng.reporters.JUnitReportReporter -->
<testsuite hostname="EN911466" failures="0" tests="1" name="TMDB" time="3.266" errors="0" timestamp="2022-03-07T17:28:31 COT" skipped="0">
  <testcase classname="TMDB" name="getRequestToken" time="3.266"/>
  <system-out/>
</testsuite> <!-- TMDB -->
